<?xml version="1.0" encoding="UTF-8"?>
<testng-results ignored="0" total="1" passed="1" failed="0" skipped="0">
  <reporter-output>
  </reporter-output>
  <suite started-at="2019-11-04T23:10:08Z" name="Default suite" finished-at="2019-11-04T23:10:26Z" duration-ms="18433">
    <groups>
      <group name="cucumber">
        <method signature="AbstractTestNGCucumberTests.runScenario(io.cucumber.testng.PickleEventWrapper, io.cucumber.testng.CucumberFeatureWrapper)[pri:0, instance:testRunner.TestRunner@6b26e945]" name="runScenario" class="io.cucumber.testng.AbstractTestNGCucumberTests"/>
      </group> <!-- cucumber -->
    </groups>
    <test started-at="2019-11-04T23:10:08Z" name="Default test" finished-at="2019-11-04T23:10:26Z" duration-ms="18433">
      <class name="testRunner.TestRunner">
        <test-method is-config="true" signature="setUpClass()[pri:0, instance:testRunner.TestRunner@6b26e945]" started-at="2019-11-04T23:10:08Z" name="setUpClass" finished-at="2019-11-04T23:10:08Z" duration-ms="347" status="PASS">
          <reporter-output>
          </reporter-output>
        </test-method> <!-- setUpClass -->
        <test-method signature="runScenario(io.cucumber.testng.PickleEventWrapper, io.cucumber.testng.CucumberFeatureWrapper)[pri:0, instance:testRunner.TestRunner@6b26e945]" started-at="2019-11-04T23:10:08Z" name="runScenario" description="Runs Cucumber Scenarios" data-provider="scenarios" finished-at="2019-11-04T23:10:26Z" duration-ms="17930" status="PASS">
          <params>
            <param index="0">
              <value>
                <![CDATA["As  a user I should get a valid message when I enter an invalid email"]]>
              </value>
            </param>
            <param index="1">
              <value>
                <![CDATA["Login Feature"]]>
              </value>
            </param>
          </params>
          <reporter-output>
          </reporter-output>
        </test-method> <!-- runScenario -->
        <test-method is-config="true" signature="tearDownClass()[pri:0, instance:testRunner.TestRunner@6b26e945]" started-at="2019-11-04T23:10:26Z" name="tearDownClass" finished-at="2019-11-04T23:10:26Z" duration-ms="7" status="PASS">
          <reporter-output>
          </reporter-output>
        </test-method> <!-- tearDownClass -->
      </class> <!-- testRunner.TestRunner -->
    </test> <!-- Default test -->
  </suite> <!-- Default suite -->
</testng-results>
